<?xml version="1.0" encoding="utf-8"?><testsuites name="pytest tests"><testsuite name="pytest" errors="0" failures="0" skipped="0" tests="6" time="1.655" timestamp="2026-01-29T04:51:51.728255+01:00" hostname="LAPTOP-302"><testcase classname="tests.test_coverage_boost_network_core.TestStatisticalFunctions" name="test_chi2_phi_perfect_association" time="0.005" /><testcase classname="tests.test_coverage_boost_network_core.TestStatisticalFunctions" name="test_chi2_phi_very_small_sample" time="0.003" /><testcase classname="tests.test_coverage_boost_network_core.TestInformationTheory" name="test_calculate_entropy_uniform" time="0.001" /><testcase classname="tests.test_coverage_boost_network_core.TestInformationTheory" name="test_calculate_entropy_binary" time="0.001" /><testcase classname="tests.test_coverage_boost_network_core.TestUtilityFunctions" name="test_adaptive_phi_threshold_percentile" time="0.000" /><testcase classname="tests.test_coverage_boost_optimizations.TestMutualInformation" name="test_fast_mutual_information_matrix" time="0.123" /></testsuite></testsuites>