<?xml version="1.0" encoding="utf-8"?><testsuites name="pytest tests"><testsuite name="pytest" errors="0" failures="5" skipped="45" tests="779" time="945.165" timestamp="2026-01-31T10:14:16.801072+01:00" hostname="LAPTOP-302"><testcase classname="tests.test_analyzer" name="test_analyzer_initialization" time="0.007" /><testcase classname="tests.test_analyzer" name="test_analyzer_initialization_with_config" time="0.002" /><testcase classname="tests.test_analyzer" name="test_load_data" time="0.002" /><testcase classname="tests.test_analyzer" name="test_analysis_execution" time="0.042" /><testcase classname="tests.test_analyzer" name="test_output_generation" time="0.019" /><testcase classname="tests.test_analyzer" name="test_analyzer_with_bootstrap" time="0.002" /><testcase classname="tests.test_analyzer" name="test_analyzer_with_fdr_alpha" time="0.002" /><testcase classname="tests.test_analyzer" name="test_analyzer_invalid_data_dir" time="0.001" /><testcase classname="tests.test_analyzer" name="test_generate_report_without_results" time="0.002" /><testcase classname="tests.test_analyzer" name="test_reproducibility" time="161.609" /><testcase classname="tests.test_analyzer" name="test_empty_data_handling" time="0.005" /><testcase classname="tests.test_analyzer" name="test_multiple_runs" time="0.045" /><testcase classname="tests.test_analyzer" name="test_output_directory_creation" time="0.005" /><testcase classname="tests.test_analyzer_full.TestNetworkAnalyzerInit" name="test_init_default" time="0.001" /><testcase classname="tests.test_analyzer_full.TestNetworkAnalyzerInit" name="test_init_with_config" time="0.001" /><testcase classname="tests.test_analyzer_full.TestNetworkAnalyzerInit" name="test_init_with_kwargs" time="0.001" /><testcase classname="tests.test_analyzer_full.TestNetworkAnalyzerInit" name="test_init_with_real_data_path" time="0.001" /><testcase classname="tests.test_analyzer_full.TestNetworkAnalyzerRun" name="test_run_missing_data_dir" time="0.000" /><testcase classname="tests.test_analyzer_full.TestNetworkAnalyzerRun" name="test_run_missing_files" time="0.001" /><testcase classname="tests.test_analyzer_full.TestNetworkAnalyzerRun" name="test_run_with_real_data" time="78.522" /><testcase classname="tests.test_analyzer_full.TestNetworkAnalyzerResults" name="test_results_initially_none" time="0.001" /><testcase classname="tests.test_analyzer_full.TestNetworkAnalyzerResults" name="test_logger_exists" time="0.001" /><testcase classname="tests.test_analyzer_full.TestNetworkAnalyzerWithMocks" name="test_run_with_mocked_path" time="0.002" /><testcase classname="tests.test_analyzer_module.TestGenPhenNetAnalyzer" name="test_analyzer_init_default" time="0.001" /><testcase classname="tests.test_analyzer_module.TestGenPhenNetAnalyzer" name="test_analyzer_init_with_config" time="0.001" /><testcase classname="tests.test_analyzer_module.TestGenPhenNetAnalyzer" name="test_analyzer_init_with_kwargs" time="0.001" /><testcase classname="tests.test_analyzer_module.TestGenPhenNetAnalyzer" name="test_analyzer_with_real_data_path" time="0.001" /><testcase classname="tests.test_analyzer_module.TestGenPhenNetAnalyzer" name="test_analyzer_has_run_method" time="0.001" /><testcase classname="tests.test_analyzer_module.TestGenPhenNetAnalyzer" name="test_analyzer_results_attribute" time="0.001" /><testcase classname="tests.test_analyzer_module.TestAnalyzerWithCategories" name="test_analyzer_with_real_data_dir" time="0.001" /><testcase classname="tests.test_analyzer_module.TestAnalyzerWithCategories" name="test_analyzer_output_dir_creation" time="0.001" /><testcase classname="tests.test_basic" name="test_version" time="0.000" /><testcase classname="tests.test_basic" name="test_imports" time="0.001" /><testcase classname="tests.test_basic" name="test_config_initialization" time="0.001" /><testcase classname="tests.test_basic" name="test_analyzer_initialization" time="0.001" /><testcase classname="tests.test_basic" name="test_example_data_exists" time="0.001" /><testcase classname="tests.test_causal_discovery.TestCausalDiscoveryFramework" name="test_initialization" time="0.002" /><testcase classname="tests.test_causal_discovery.TestCausalDiscoveryFramework" name="test_initialization_with_associations" time="0.002" /><testcase classname="tests.test_causal_discovery.TestCausalDiscoveryFramework" name="test_mutual_information" time="0.003" /><testcase classname="tests.test_causal_discovery.TestCausalDiscoveryFramework" name="test_conditional_independence_test" time="0.039" /><testcase classname="tests.test_causal_discovery.TestCausalDiscoveryFramework" name="test_discover_causal_network_empty_associations" time="0.004" /><testcase classname="tests.test_causal_discovery.TestCausalDiscoveryFramework" name="test_discover_causal_network_with_associations" time="0.472" /><testcase classname="tests.test_causal_discovery.TestCausalDiscoveryFramework" name="test_find_mediator" time="0.021" /><testcase classname="tests.test_causal_discovery.TestCausalDiscoveryFramework" name="test_conditional_mutual_information" time="0.006" /><testcase classname="tests.test_causal_discovery.TestCausalDiscoveryFramework" name="test_edge_cases_empty_data" time="0.002" /><testcase classname="tests.test_causal_discovery.TestCausalDiscoveryFramework" name="test_edge_cases_single_gene_pheno" time="0.002" /><testcase classname="tests.test_chi2_cramers_functions.TestChi2Phi" name="test_chi2_phi_basic_2x2" time="0.006" /><testcase classname="tests.test_chi2_cramers_functions.TestChi2Phi" name="test_chi2_phi_perfect_correlation" time="0.006" /><testcase classname="tests.test_chi2_cramers_functions.TestChi2Phi" name="test_chi2_phi_no_correlation" time="0.005" /><testcase classname="tests.test_chi2_cramers_functions.TestChi2Phi" name="test_chi2_phi_small_sample" time="0.005" /><testcase classname="tests.test_chi2_cramers_functions.TestChi2Phi" name="test_chi2_phi_very_small_sample" time="0.005" /><testcase classname="tests.test_chi2_cramers_functions.TestCramersV" name="test_cramers_v_basic" time="0.002" /><testcase classname="tests.test_chi2_cramers_functions.TestCramersV" name="test_cramers_v_2x2" time="0.002" /><testcase classname="tests.test_chi2_cramers_functions.TestCramersV" name="test_cramers_v_small_table" time="0.001" /><testcase classname="tests.test_chi2_cramers_functions.TestCramersV" name="test_cramers_v_small_n" time="0.002" /><testcase classname="tests.test_chi2_cramers_functions.TestCalculateEntropy" name="test_calculate_entropy_uniform" time="0.002" /><testcase classname="tests.test_chi2_cramers_functions.TestCalculateEntropy" name="test_calculate_entropy_deterministic" time="0.001" /><testcase classname="tests.test_chi2_cramers_functions.TestCalculateEntropy" name="test_calculate_entropy_single_value" time="0.001" /><testcase classname="tests.test_chi2_cramers_functions.TestConditionalEntropy" name="test_conditional_entropy_basic" time="0.007" /><testcase classname="tests.test_chi2_cramers_functions.TestConditionalEntropy" name="test_conditional_entropy_perfect_prediction" time="0.006" /><testcase classname="tests.test_chi2_cramers_functions.TestInformationGain" name="test_information_gain_basic" time="0.007" /><testcase classname="tests.test_chi2_cramers_functions.TestInformationGain" name="test_information_gain_no_gain" time="0.007" /><testcase classname="tests.test_chi2_cramers_functions.TestNormalizedMutualInfo" name="test_normalized_mutual_info_basic" time="0.008" /><testcase classname="tests.test_chi2_cramers_functions.TestNormalizedMutualInfo" name="test_normalized_mutual_info_perfect" time="0.008" /><testcase classname="tests.test_chi2_cramers_functions.TestNormalizedMutualInfo" name="test_normalized_mutual_info_deterministic" time="0.006" /><testcase classname="tests.test_cli" name="test_cli_help" time="0.004" /><testcase classname="tests.test_cli" name="test_cli_version" time="0.002" /><testcase classname="tests.test_cli" name="test_cli_missing_required_args" time="0.002" /><testcase classname="tests.test_cli" name="test_cli_with_valid_args" time="0.032" /><testcase classname="tests.test_cli" name="test_cli_with_bootstrap_option" time="0.028" /><testcase classname="tests.test_cli" name="test_cli_with_fdr_alpha_option" time="0.029" /><testcase classname="tests.test_cli" name="test_cli_with_verbose_option" time="0.029" /><testcase classname="tests.test_cli" name="test_cli_with_invalid_data_dir" time="0.003" /><testcase classname="tests.test_cli_full.TestCLIModule" name="test_cli_module_import" time="0.000" /><testcase classname="tests.test_cli_full.TestCLIModule" name="test_cli_has_main" time="0.000" /><testcase classname="tests.test_cli_full.TestCLIArgumentParser" name="test_help_flag" time="0.003" /><testcase classname="tests.test_cli_full.TestCLIArgumentParser" name="test_version_flag" time="0.002" /><testcase classname="tests.test_cli_full.TestCLIExecution" name="test_invalid_data_dir" time="0.002" /><testcase classname="tests.test_cli_full.TestCLIExecution" name="test_cli_with_temp_output" time="0.003" /><testcase classname="tests.test_cli_module.TestCLIModule" name="test_cli_import" time="0.000" /><testcase classname="tests.test_cli_module.TestCLIModule" name="test_cli_help" time="0.001" /><testcase classname="tests.test_cli_module.TestCLIModule" name="test_cli_has_main" time="0.000" /><testcase classname="tests.test_cli_module.TestCLIArguments" name="test_cli_module_exists" time="0.000" /><testcase classname="tests.test_cli_module.TestCLIArguments" name="test_cli_help_flag" time="0.000" /><testcase classname="tests.test_comprehensive_real_data" name="test_csv_load[MGE]" time="0.015" /><testcase classname="tests.test_comprehensive_real_data" name="test_csv_load[MIC]" time="0.014" /><testcase classname="tests.test_comprehensive_real_data" name="test_csv_load[Virulence]" time="0.014" /><testcase classname="tests.test_comprehensive_real_data" name="test_csv_load[Plasmid]" time="0.014" /><testcase classname="tests.test_comprehensive_real_data" name="test_csv_load[MLST]" time="0.015" /><testcase classname="tests.test_comprehensive_real_data" name="test_csv_load[Serotype]" time="0.014" /><testcase classname="tests.test_comprehensive_real_data" name="test_csv_load[AMR_genes]" time="0.013" /><testcase classname="tests.test_comprehensive_real_data" name="test_csv_structure[MGE]" time="0.013" /><testcase classname="tests.test_comprehensive_real_data" name="test_csv_structure[MIC]" time="0.013" /><testcase classname="tests.test_comprehensive_real_data" name="test_csv_structure[Virulence]" time="0.013" /><testcase classname="tests.test_comprehensive_real_data" name="test_csv_structure[Plasmid]" time="0.013" /><testcase classname="tests.test_comprehensive_real_data" name="test_csv_structure[MLST]" time="0.013" /><testcase classname="tests.test_comprehensive_real_data" name="test_csv_structure[Serotype]" time="0.013" /><testcase classname="tests.test_comprehensive_real_data" name="test_csv_structure[AMR_genes]" time="0.013" /><testcase classname="tests.test_comprehensive_real_data" name="test_scalability_different_sizes[MGE-1]" time="0.014" /><testcase classname="tests.test_comprehensive_real_data" name="test_scalability_different_sizes[MGE-5]" time="0.014" /><testcase classname="tests.test_comprehensive_real_data" name="test_scalability_different_sizes[MGE-10]" time="0.014" /><testcase classname="tests.test_comprehensive_real_data" name="test_scalability_different_sizes[MIC-1]" time="0.013" /><testcase classname="tests.test_comprehensive_real_data" name="test_scalability_different_sizes[MIC-5]" time="0.013" /><testcase classname="tests.test_comprehensive_real_data" name="test_scalability_different_sizes[MIC-10]" time="0.013" /><testcase classname="tests.test_comprehensive_real_data" name="test_scalability_different_sizes[Virulence-1]" time="0.014" /><testcase classname="tests.test_comprehensive_real_data" name="test_scalability_different_sizes[Virulence-5]" time="0.013" /><testcase classname="tests.test_comprehensive_real_data" name="test_scalability_different_sizes[Virulence-10]" time="0.014" /><testcase classname="tests.test_comprehensive_real_data" name="test_scalability_different_sizes[Plasmid-1]" time="0.014" /><testcase classname="tests.test_comprehensive_real_data" name="test_scalability_different_sizes[Plasmid-5]" time="0.013" /><testcase classname="tests.test_comprehensive_real_data" name="test_scalability_different_sizes[Plasmid-10]" time="0.013" /><testcase classname="tests.test_comprehensive_real_data" name="test_scalability_different_sizes[MLST-1]" time="0.013" /><testcase classname="tests.test_comprehensive_real_data" name="test_scalability_different_sizes[MLST-5]" time="0.014" /><testcase classname="tests.test_comprehensive_real_data" name="test_scalability_different_sizes[MLST-10]" time="0.014" /><testcase classname="tests.test_comprehensive_real_data" name="test_scalability_different_sizes[Serotype-1]" time="0.014" /><testcase classname="tests.test_comprehensive_real_data" name="test_scalability_different_sizes[Serotype-5]" time="0.014" /><testcase classname="tests.test_comprehensive_real_data" name="test_scalability_different_sizes[Serotype-10]" time="0.013" /><testcase classname="tests.test_comprehensive_real_data" name="test_scalability_different_sizes[AMR_genes-1]" time="0.014" /><testcase classname="tests.test_comprehensive_real_data" name="test_scalability_different_sizes[AMR_genes-5]" time="0.013" /><testcase classname="tests.test_comprehensive_real_data" name="test_scalability_different_sizes[AMR_genes-10]" time="0.013" /><testcase classname="tests.test_comprehensive_real_data" name="test_module_imports" time="0.000" /><testcase classname="tests.test_comprehensive_real_data" name="test_config_initialization_variations" time="0.002" /><testcase classname="tests.test_comprehensive_real_data" name="test_analyzer_initialization" time="0.002" /><testcase classname="tests.test_comprehensive_real_data" name="test_data_to_analysis_setup" time="0.016" /><testcase classname="tests.test_comprehensive_real_data" name="test_config_validation_errors" time="0.001" /><testcase classname="tests.test_comprehensive_real_data" name="test_cross_csv_strain_alignment" time="0.014" /><testcase classname="tests.test_comprehensive_real_data" name="test_core_module_functions_exist" time="0.000" /><testcase classname="tests.test_comprehensive_real_data" name="test_cli_help_invocation" time="0.003" /><testcase classname="tests.test_comprehensive_real_data" name="test_empty_dataframe_handling" time="0.001" /><testcase classname="tests.test_comprehensive_real_data" name="test_single_row_dataframe" time="0.001" /><testcase classname="tests.test_comprehensive_real_data" name="test_config_to_dict_and_back" time="0.001" /><testcase classname="tests.test_comprehensive_real_data" name="test_mini_analysis_with_real_data" time="0.014" /><testcase classname="tests.test_comprehensive_real_data" name="test_coverage_boost_summary" time="0.001" /><testcase classname="tests.test_config" name="test_config_defaults" time="0.002" /><testcase classname="tests.test_config" name="test_config_custom_values" time="0.001" /><testcase classname="tests.test_config" name="test_config_data_dir_validation" time="0.001" /><testcase classname="tests.test_config" name="test_config_fdr_alpha_validation" time="0.001" /><testcase classname="tests.test_config" name="test_config_bootstrap_validation" time="0.001" /><testcase classname="tests.test_config" name="test_config_output_dir_creation" time="0.002" /><testcase classname="tests.test_config" name="test_config_from_dict" time="0.002" /><testcase classname="tests.test_config" name="test_config_reporting_parameters" time="0.002" /><testcase classname="tests.test_config" name="test_config_parallel_processing" time="0.002" /><testcase classname="tests.test_config_extended" name="test_config_with_string_paths" time="0.003" /><testcase classname="tests.test_config_extended" name="test_config_with_pathlib_paths" time="0.003" /><testcase classname="tests.test_config_extended" name="test_config_default_values" time="0.003" /><testcase classname="tests.test_config_extended" name="test_config_attribute_access" time="0.003" /><testcase classname="tests.test_config_extended" name="test_config_with_absolute_paths" time="0.003" /><testcase classname="tests.test_config_extended" name="test_config_creates_output_dir" time="0.003" /><testcase classname="tests.test_config_extended" name="test_config_repr_method" time="0.003" /><testcase classname="tests.test_config_extended" name="test_config_immutability_attempt" time="0.005" /><testcase classname="tests.test_config_extended" name="test_config_with_nested_directories" time="0.003" /><testcase classname="tests.test_config_extended" name="test_config_parameter_types" time="0.003" /><testcase classname="tests.test_core_functions_extended.TestChi2PhiExtended" name="test_chi2_phi_perfect_correlation" time="0.006" /><testcase classname="tests.test_core_functions_extended.TestChi2PhiExtended" name="test_chi2_phi_no_correlation" time="0.005" /><testcase classname="tests.test_core_functions_extended.TestChi2PhiExtended" name="test_chi2_phi_small_sample" time="0.006" /><testcase classname="tests.test_core_functions_extended.TestEntropyExtended" name="test_calculate_entropy_high_variance" time="0.002" /><testcase classname="tests.test_core_functions_extended.TestEntropyExtended" name="test_calculate_entropy_low_variance" time="0.001" /><testcase classname="tests.test_core_functions_extended.TestEntropyExtended" name="test_conditional_entropy_independent" time="0.006" /><testcase classname="tests.test_core_functions_extended.TestEntropyExtended" name="test_information_gain_dependent" time="0.007" /><testcase classname="tests.test_core_functions_extended.TestNetworkBuildingExtended" name="test_get_centrality_basic" time="0.001" /><testcase classname="tests.test_core_functions_extended.TestNetworkBuildingExtended" name="test_get_centrality_empty" time="0.000" /><testcase classname="tests.test_core_functions_extended.TestStatisticalTestsExtended" name="test_chi2_phi_various_sizes" time="0.014" /><testcase classname="tests.test_core_functions_extended.TestExpandCategoriesExtended" name="test_expand_categories_basic" time="0.003" /><testcase classname="tests.test_core_functions_extended.TestSummaryFunctionsExtended" name="test_summarize_by_category_basic" time="0.002" /><testcase classname="tests.test_core_functions_extended.TestSummaryFunctionsExtended" name="test_summarize_by_feature_basic" time="0.003" /><testcase classname="tests.test_core_functions_extended.TestSummaryFunctionsExtended" name="test_summarize_by_category_network" time="0.002" /><testcase classname="tests.test_core_functions_extended.TestSummaryFunctionsExtended" name="test_summarize_by_feature_network" time="0.002" /><testcase classname="tests.test_core_functions_extended.TestTableCreationExtended" name="test_create_interactive_table_basic" time="0.002" /><testcase classname="tests.test_core_functions_extended.TestTableCreationExtended" name="test_create_interactive_table_with_empty_nonempty" time="0.002" /><testcase classname="tests.test_core_functions_extended.TestTableCreationExtended" name="test_create_section_summary_basic" time="0.001" /><testcase classname="tests.test_core_functions_extended.TestSetupLoggingExtended" name="test_setup_logging_creates_logger" time="0.001" /><testcase classname="tests.test_core_functions_extended.TestAdaptiveThresholdExtended" name="test_adaptive_phi_threshold_percentile" time="0.001" /><testcase classname="tests.test_core_functions_extended.TestAdaptiveThresholdExtended" name="test_adaptive_phi_threshold_iqr" time="0.001" /><testcase classname="tests.test_core_functions_extended.TestAdaptiveThresholdExtended" name="test_adaptive_phi_threshold_statistical" time="0.001" /><testcase classname="tests.test_coverage_boost_causal_predictive.TestCausalDiscoveryFramework" name="test_initialization" time="0.002" /><testcase classname="tests.test_coverage_boost_causal_predictive.TestCausalDiscoveryFramework" name="test_initialization_without_associations" time="0.001" /><testcase classname="tests.test_coverage_boost_causal_predictive.TestCausalDiscoveryFramework" name="test_discover_causal_network" time="0.808" /><testcase classname="tests.test_coverage_boost_causal_predictive.TestCausalDiscoveryFramework" name="test_discover_causal_network_no_associations" time="0.003" /><testcase classname="tests.test_coverage_boost_causal_predictive.TestCausalDiscoveryFramework" name="test_discover_causal_network_no_significant_associations" time="0.003" /><testcase classname="tests.test_coverage_boost_causal_predictive.TestCausalDiscoveryFramework" name="test_test_conditional_independence" time="0.248" /><testcase classname="tests.test_coverage_boost_causal_predictive.TestCausalDiscoveryFramework" name="test_test_conditional_independence_missing_features" time="0.002" /><testcase classname="tests.test_coverage_boost_causal_predictive.TestCausalDiscoveryFramework" name="test_conditional_mutual_information" time="0.005" /><testcase classname="tests.test_coverage_boost_causal_predictive.TestCausalDiscoveryFramework" name="test_conditional_mutual_information_empty_conditioning" time="0.003" /><testcase classname="tests.test_coverage_boost_causal_predictive.TestCausalDiscoveryFramework" name="test_mutual_information" time="0.003" /><testcase classname="tests.test_coverage_boost_causal_predictive.TestCausalDiscoveryFramework" name="test_mutual_information_identical_variables" time="0.003" /><testcase classname="tests.test_coverage_boost_causal_predictive.TestCausalDiscoveryFramework" name="test_find_mediator" time="0.019" /><testcase classname="tests.test_coverage_boost_causal_predictive.TestCausalDiscoveryFramework" name="test_find_mediator_no_other_genes" time="0.001" /><testcase classname="tests.test_coverage_boost_causal_predictive.TestCausalDiscoveryFramework" name="test_find_mediator_invalid_gene" time="0.001" /><testcase classname="tests.test_coverage_boost_causal_predictive.TestGenotypePhenotypePredictor" name="test_initialization" time="0.001" /><testcase classname="tests.test_coverage_boost_causal_predictive.TestGenotypePhenotypePredictor" name="test_build_prediction_models" time="0.504" /><testcase classname="tests.test_coverage_boost_causal_predictive.TestGenotypePhenotypePredictor" name="test_build_prediction_models_insufficient_samples" time="0.002" /><testcase classname="tests.test_coverage_boost_causal_predictive.TestGenotypePhenotypePredictor" name="test_build_prediction_models_non_binary" time="0.002" /><testcase classname="tests.test_coverage_boost_causal_predictive.TestGenotypePhenotypePredictor" name="test_get_top_features_logistic_regression" time="0.006" /><testcase classname="tests.test_coverage_boost_causal_predictive.TestGenotypePhenotypePredictor" name="test_get_top_features_random_forest" time="0.016" /><testcase classname="tests.test_coverage_boost_causal_predictive.TestGenotypePhenotypePredictor" name="test_generate_prediction_report" time="0.483" /><testcase classname="tests.test_coverage_boost_causal_predictive.TestGenotypePhenotypePredictor" name="test_generate_prediction_report_no_results" time="0.001" /><testcase classname="tests.test_coverage_boost_causal_predictive.TestGenotypePhenotypePredictor" name="test_xgboost_availability" time="0.001" /><testcase classname="tests.test_coverage_boost_causal_predictive.TestIntegrationCausalPredictive" name="test_causal_then_predictive" time="0.731" /><testcase classname="tests.test_coverage_boost_main_pipeline.TestPerformFullAnalysisWithRealData" name="test_perform_full_analysis_real_data" time="84.549" /><testcase classname="tests.test_coverage_boost_main_pipeline.TestPerformFullAnalysisWithRealData" name="test_perform_full_analysis_missing_required_files" time="0.006" /><testcase classname="tests.test_coverage_boost_main_pipeline.TestDataLoadingAndValidation" name="test_data_validation_strain_id_column" time="0.006" /><testcase classname="tests.test_coverage_boost_main_pipeline.TestDataLoadingAndValidation" name="test_feature_summary_generation" time="0.002" /><testcase classname="tests.test_coverage_boost_main_pipeline.TestNetworkConstruction" name="test_network_construction_from_chi2_results" time="0.002" /><testcase classname="tests.test_coverage_boost_main_pipeline.TestNetworkConstruction" name="test_community_detection" time="0.001" /><testcase classname="tests.test_coverage_boost_main_pipeline.TestNetworkConstruction" name="test_centrality_calculations" time="0.001" /><testcase classname="tests.test_coverage_boost_main_pipeline.TestNetworkConstruction" name="test_network_with_no_edges" time="0.001" /><testcase classname="tests.test_coverage_boost_main_pipeline.TestReportGeneration" name="test_generate_report_with_cluster_stats" time="0.007" /><testcase classname="tests.test_coverage_boost_main_pipeline.TestReportGeneration" name="test_generate_excel_report_with_cluster_stats" time="0.036" /><testcase classname="tests.test_coverage_boost_main_pipeline.TestNetworkVisualization" name="test_network_3d_visualization" time="0.004" /><testcase classname="tests.test_coverage_boost_main_pipeline.TestEdgeCases" name="test_empty_dataframe_handling" time="0.001" /><testcase classname="tests.test_coverage_boost_main_pipeline.TestEdgeCases" name="test_single_feature_analysis" time="0.001" /><testcase classname="tests.test_coverage_boost_main_pipeline.TestEdgeCases" name="test_all_constant_features" time="0.001" /><testcase classname="tests.test_coverage_boost_main_pipeline.TestParallelProcessing" name="test_concurrent_chi2_testing" time="0.065" /><testcase classname="tests.test_coverage_boost_network_core.TestStatisticalFunctions" name="test_chi2_phi_basic" time="0.007" /><testcase classname="tests.test_coverage_boost_network_core.TestStatisticalFunctions" name="test_chi2_phi_perfect_association" time="0.006" /><testcase classname="tests.test_coverage_boost_network_core.TestStatisticalFunctions" name="test_chi2_phi_no_association" time="0.006" /><testcase classname="tests.test_coverage_boost_network_core.TestStatisticalFunctions" name="test_chi2_phi_small_sample" time="0.006" /><testcase classname="tests.test_coverage_boost_network_core.TestStatisticalFunctions" name="test_chi2_phi_very_small_sample" time="0.006" /><testcase classname="tests.test_coverage_boost_network_core.TestStatisticalFunctions" name="test_cramers_v_basic" time="0.002" /><testcase classname="tests.test_coverage_boost_network_core.TestStatisticalFunctions" name="test_cramers_v_perfect" time="0.002" /><testcase classname="tests.test_coverage_boost_network_core.TestStatisticalFunctions" name="test_cramers_v_degenerate" time="0.001" /><testcase classname="tests.test_coverage_boost_network_core.TestInformationTheory" name="test_calculate_entropy_uniform" time="0.001" /><testcase classname="tests.test_coverage_boost_network_core.TestInformationTheory" name="test_calculate_entropy_single_value" time="0.001" /><testcase classname="tests.test_coverage_boost_network_core.TestInformationTheory" name="test_calculate_entropy_binary" time="0.001" /><testcase classname="tests.test_coverage_boost_network_core.TestInformationTheory" name="test_conditional_entropy" time="0.009" /><testcase classname="tests.test_coverage_boost_network_core.TestInformationTheory" name="test_conditional_entropy_independent" time="0.007" /><testcase classname="tests.test_coverage_boost_network_core.TestInformationTheory" name="test_information_gain" time="0.008" /><testcase classname="tests.test_coverage_boost_network_core.TestInformationTheory" name="test_information_gain_independent" time="0.008" /><testcase classname="tests.test_coverage_boost_network_core.TestInformationTheory" name="test_normalized_mutual_info" time="0.010" /><testcase classname="tests.test_coverage_boost_network_core.TestInformationTheory" name="test_normalized_mutual_info_zero_entropy" time="0.007" /><testcase classname="tests.test_coverage_boost_network_core.TestMutuallyExclusive" name="test_find_mutually_exclusive_pairs" time="0.004" /><testcase classname="tests.test_coverage_boost_network_core.TestMutuallyExclusive" name="test_find_mutually_exclusive_triplets" time="0.002" /><testcase classname="tests.test_coverage_boost_network_core.TestMutuallyExclusive" name="test_find_mutually_exclusive_none" time="0.004" /><testcase classname="tests.test_coverage_boost_network_core.TestMutuallyExclusive" name="test_find_mutually_exclusive_max_patterns" time="0.009" /><testcase classname="tests.test_coverage_boost_network_core.TestClusterHubs" name="test_get_cluster_hubs_basic" time="0.004" /><testcase classname="tests.test_coverage_boost_network_core.TestClusterHubs" name="test_get_cluster_hubs_small_cluster" time="0.004" /><testcase classname="tests.test_coverage_boost_network_core.TestClusterHubs" name="test_get_cluster_hubs_missing_columns" time="0.001" /><testcase classname="tests.test_coverage_boost_network_core.TestClusterHubs" name="test_get_cluster_hubs_empty" time="0.001" /><testcase classname="tests.test_coverage_boost_network_core.TestUtilityFunctions" name="test_expand_categories_basic" time="0.003" /><testcase classname="tests.test_coverage_boost_network_core.TestUtilityFunctions" name="test_expand_categories_mlst" time="0.003" /><testcase classname="tests.test_coverage_boost_network_core.TestUtilityFunctions" name="test_expand_categories_multiple_per_strain" time="0.003" /><testcase classname="tests.test_coverage_boost_network_core.TestUtilityFunctions" name="test_get_centrality" time="0.001" /><testcase classname="tests.test_coverage_boost_network_core.TestUtilityFunctions" name="test_adaptive_phi_threshold_percentile" time="0.001" /><testcase classname="tests.test_coverage_boost_network_core.TestUtilityFunctions" name="test_adaptive_phi_threshold_iqr" time="0.001" /><testcase classname="tests.test_coverage_boost_network_core.TestUtilityFunctions" name="test_adaptive_phi_threshold_statistical" time="0.002" /><testcase classname="tests.test_coverage_boost_network_core.TestUtilityFunctions" name="test_adaptive_phi_threshold_unknown_method" time="0.001" /><testcase classname="tests.test_coverage_boost_network_core.TestHTMLGeneration" name="test_create_interactive_table" time="0.002" /><testcase classname="tests.test_coverage_boost_network_core.TestHTMLGeneration" name="test_create_interactive_table_with_empty" time="0.001" /><testcase classname="tests.test_coverage_boost_network_core.TestHTMLGeneration" name="test_create_section_summary_basic" time="0.000" /><testcase classname="tests.test_coverage_boost_network_core.TestHTMLGeneration" name="test_create_section_summary_with_category" time="0.000" /><testcase classname="tests.test_coverage_boost_network_core.TestHTMLGeneration" name="test_create_section_summary_with_feature" time="0.000" /><testcase classname="tests.test_coverage_boost_network_core.TestFileMatching" name="test_find_matching_files_exact" time="0.001" /><testcase classname="tests.test_coverage_boost_network_core.TestFileMatching" name="test_find_matching_files_numbered" time="0.001" /><testcase classname="tests.test_coverage_boost_network_core.TestFileMatching" name="test_find_matching_files_case_insensitive" time="0.001" /><testcase classname="tests.test_coverage_boost_network_core.TestFileMatching" name="test_find_matching_files_missing" time="0.001" /><testcase classname="tests.test_coverage_boost_network_core.TestSummarizationFunctions" name="test_summarize_by_category" time="0.003" /><testcase classname="tests.test_coverage_boost_network_core.TestSummarizationFunctions" name="test_summarize_by_feature" time="0.003" /><testcase classname="tests.test_coverage_boost_network_core.TestSummarizationFunctions" name="test_summarize_by_category_excl" time="0.004" /><testcase classname="tests.test_coverage_boost_network_core.TestSummarizationFunctions" name="test_summarize_by_feature_excl" time="0.005" /><testcase classname="tests.test_coverage_boost_network_core.TestSummarizationFunctions" name="test_summarize_by_category_network" time="0.002" /><testcase classname="tests.test_coverage_boost_network_core.TestSummarizationFunctions" name="test_summarize_by_feature_network" time="0.001" /><testcase classname="tests.test_coverage_boost_network_core.TestSetupLogging" name="test_setup_logging" time="0.003" /><testcase classname="tests.test_coverage_boost_optimizations.TestSparseNetwork" name="test_initialization" time="0.001" /><testcase classname="tests.test_coverage_boost_optimizations.TestSparseNetwork" name="test_add_edge_basic" time="0.001" /><testcase classname="tests.test_coverage_boost_optimizations.TestSparseNetwork" name="test_add_edge_reverse_key" time="0.001" /><testcase classname="tests.test_coverage_boost_optimizations.TestSparseNetwork" name="test_to_csr" time="0.001" /><testcase classname="tests.test_coverage_boost_optimizations.TestSparseNetwork" name="test_get_degree" time="0.002" /><testcase classname="tests.test_coverage_boost_optimizations.TestSparseNetwork" name="test_get_neighbors" time="0.001" /><testcase classname="tests.test_coverage_boost_optimizations.TestSparseNetwork" name="test_get_density" time="0.001" /><testcase classname="tests.test_coverage_boost_optimizations.TestSparseNetwork" name="test_get_density_empty" time="0.001" /><testcase classname="tests.test_coverage_boost_optimizations.TestSparseNetwork" name="test_memory_usage" time="0.001" /><testcase classname="tests.test_coverage_boost_optimizations.TestBuildSparseNetwork" name="test_build_sparse_network_basic" time="0.003" /><testcase classname="tests.test_coverage_boost_optimizations.TestBuildSparseNetwork" name="test_build_sparse_network_with_significance" time="0.004" /><testcase classname="tests.test_coverage_boost_optimizations.TestBuildSparseNetwork" name="test_build_sparse_network_min_support" time="0.001" /><testcase classname="tests.test_coverage_boost_optimizations.TestParallelProcessing" name="test_parallel_chi_square_tests_basic" time="0.048" /><testcase classname="tests.test_coverage_boost_optimizations.TestParallelProcessing" name="test_parallel_chi_square_tests_multicore" time="3.194" /><testcase classname="tests.test_coverage_boost_optimizations.TestParallelProcessing" name="test_parallel_chi_square_tests_values" time="0.018" /><testcase classname="tests.test_coverage_boost_optimizations.TestFastCentrality" name="test_cached_degree_centrality" time="0.001" /><testcase classname="tests.test_coverage_boost_optimizations.TestFastCentrality" name="test_fast_degree_centrality" time="0.001" /><testcase classname="tests.test_coverage_boost_optimizations.TestFastCentrality" name="test_fast_degree_centrality_empty" time="0.001" /><testcase classname="tests.test_coverage_boost_optimizations.TestFastCentrality" name="test_approximate_betweenness_centrality" time="0.007" /><testcase classname="tests.test_coverage_boost_optimizations.TestFastCentrality" name="test_approximate_betweenness_centrality_small_k" time="0.004" /><testcase classname="tests.test_coverage_boost_optimizations.TestCommunityDetection" name="test_fast_connected_components" time="0.001" /><testcase classname="tests.test_coverage_boost_optimizations.TestCommunityDetection" name="test_fast_modularity_communities" time="0.003" /><testcase classname="tests.test_coverage_boost_optimizations.TestCommunityDetection" name="test_fast_modularity_communities_isolated_nodes" time="0.002" /><testcase classname="tests.test_coverage_boost_optimizations.TestFDRCorrection" name="test_fast_fdr_correction_basic" time="0.001" /><testcase classname="tests.test_coverage_boost_optimizations.TestFDRCorrection" name="test_fast_fdr_correction_all_significant" time="0.001" /><testcase classname="tests.test_coverage_boost_optimizations.TestFDRCorrection" name="test_fast_fdr_correction_none_significant" time="0.001" /><testcase classname="tests.test_coverage_boost_optimizations.TestFDRCorrection" name="test_fast_fdr_correction_monotonicity" time="0.001" /><testcase classname="tests.test_coverage_boost_optimizations.TestFDRCorrection" name="test_fast_fdr_correction_bounds" time="0.001" /><testcase classname="tests.test_coverage_boost_optimizations.TestMutualInformation" name="test_fast_mutual_information_independent" time="0.403" /><testcase classname="tests.test_coverage_boost_optimizations.TestMutualInformation" name="test_fast_mutual_information_identical" time="0.146" /><testcase classname="tests.test_coverage_boost_optimizations.TestMutualInformation" name="test_fast_mutual_information_correlated" time="0.000" /><testcase classname="tests.test_coverage_boost_optimizations.TestMutualInformation" name="test_fast_mutual_information_constant" time="0.155" /><testcase classname="tests.test_coverage_boost_optimizations.TestMutualInformation" name="test_fast_mutual_information_matrix" time="0.145" /><testcase classname="tests.test_coverage_boost_optimizations.TestBenchmarking" name="test_benchmark_network_construction" time="0.005" /><testcase classname="tests.test_coverage_boost_optimizations.TestBenchmarking" name="test_get_optimization_status" time="0.000" /><testcase classname="tests.test_coverage_boost_optimizations.TestEdgeCases" name="test_sparse_network_single_node" time="0.000" /><testcase classname="tests.test_coverage_boost_optimizations.TestEdgeCases" name="test_fast_degree_centrality_single_node" time="0.000" /><testcase classname="tests.test_coverage_boost_optimizations.TestEdgeCases" name="test_approximate_betweenness_disconnected" time="0.001" /><testcase classname="tests.test_coverage_final_push.TestFullAnalysisPipeline" name="test_analysis_data_validation" time="0.966" /><testcase classname="tests.test_coverage_final_push.TestFullAnalysisPipeline" name="test_analysis_with_missing_optional_files" time="0.397" /><testcase classname="tests.test_coverage_final_push.TestNetworkVisualization" name="test_3d_network_visualization_creation" time="0.002" /><testcase classname="tests.test_coverage_final_push.TestReportGenerationComprehensive" name="test_html_report_all_sections" time="0.004" /><testcase classname="tests.test_coverage_final_push.TestReportGenerationComprehensive" name="test_excel_report_creation" time="0.014" /><testcase classname="tests.test_coverage_final_push.TestDataTransformations" name="test_feature_category_mapping" time="0.000" /><testcase classname="tests.test_coverage_final_push.TestDataTransformations" name="test_data_merging_workflow" time="0.001" /><testcase classname="tests.test_coverage_final_push.TestStatisticalPipeline" name="test_chi_square_batch_processing" time="0.018" /><testcase classname="tests.test_coverage_final_push.TestStatisticalPipeline" name="test_fdr_correction_pipeline" time="0.001" /><testcase classname="tests.test_coverage_final_push.TestInformationTheoryPipeline" name="test_entropy_calculation_pipeline" time="0.001" /><testcase classname="tests.test_coverage_final_push.TestInformationTheoryPipeline" name="test_information_gain_matrix" time="0.005" /><testcase classname="tests.test_coverage_final_push.TestCausalAndPredictiveIntegration" name="test_causal_discovery_integration" time="0.001" /><testcase classname="tests.test_coverage_final_push.TestCausalAndPredictiveIntegration" name="test_predictive_modeling_integration" time="0.001" /><testcase classname="tests.test_data_validation" name="test_example_data_exists" time="0.000" /><testcase classname="tests.test_data_validation" name="test_mic_data_loads" time="0.001" /><testcase classname="tests.test_data_validation" name="test_amr_genes_data_loads" time="0.001" /><testcase classname="tests.test_data_validation" name="test_all_required_files_present" time="0.000" /><testcase classname="tests.test_data_validation" name="test_data_consistency" time="0.001" /><testcase classname="tests.test_data_validation" name="test_no_completely_empty_columns" time="0.012" /><testcase classname="tests.test_data_validation" name="test_csv_files_readable" time="0.005" /><testcase classname="tests.test_data_validation" name="test_data_files_not_corrupted" time="0.005" /><testcase classname="tests.test_end_to_end" name="test_mini_pipeline_execution" time="49.222" /><testcase classname="tests.test_end_to_end" name="test_full_pipeline_with_validation" time="76.943" /><testcase classname="tests.test_end_to_end" name="test_output_file_validation" time="54.524" /><testcase classname="tests.test_end_to_end" name="test_data_preprocessing_pipeline" time="0.011" /><testcase classname="tests.test_end_to_end" name="test_error_handling_missing_files" time="0.002" /><testcase classname="tests.test_end_to_end" name="test_reproducibility" time="100.486" /><testcase classname="tests.test_end_to_end" name="test_output_content_validation" time="79.382" /><testcase classname="tests.test_end_to_end" name="test_multiple_file_integration" time="0.032" /><testcase classname="tests.test_end_to_end" name="test_configuration_impact" time="0.027" /><testcase classname="tests.test_end_to_end" name="test_edge_cases" time="0.008" /><testcase classname="tests.test_entropy_and_exclusive.TestEntropyFunctions" name="test_calculate_entropy_basic" time="0.002" /><testcase classname="tests.test_entropy_and_exclusive.TestEntropyFunctions" name="test_calculate_entropy_uniform" time="0.002" /><testcase classname="tests.test_entropy_and_exclusive.TestEntropyFunctions" name="test_calculate_entropy_deterministic" time="0.001" /><testcase classname="tests.test_entropy_and_exclusive.TestEntropyFunctions" name="test_conditional_entropy" time="0.007" /><testcase classname="tests.test_entropy_and_exclusive.TestEntropyFunctions" name="test_information_gain" time="0.007" /><testcase classname="tests.test_entropy_and_exclusive.TestEntropyFunctions" name="test_normalized_mutual_info" time="0.011" /><testcase classname="tests.test_entropy_and_exclusive.TestMutuallyExclusivePatterns" name="test_find_mutually_exclusive_pairs" time="0.004" /><testcase classname="tests.test_entropy_and_exclusive.TestMutuallyExclusivePatterns" name="test_find_mutually_exclusive_triplets" time="0.002" /><testcase classname="tests.test_entropy_functions.TestCalculateEntropy" name="test_calculate_entropy_basic" time="0.001"><skipped type="pytest.skip" message="Functions not available">C:\Users\ABC\Documents\GitHub\MKrep\separated_repos\strepsuis-genphennet\tests\test_entropy_functions.py:29: Functions not available</skipped></testcase><testcase classname="tests.test_entropy_functions.TestCalculateEntropy" name="test_calculate_entropy_uniform" time="0.001"><skipped type="pytest.skip" message="Functions not available">C:\Users\ABC\Documents\GitHub\MKrep\separated_repos\strepsuis-genphennet\tests\test_entropy_functions.py:38: Functions not available</skipped></testcase><testcase classname="tests.test_entropy_functions.TestCalculateEntropy" name="test_calculate_entropy_constant" time="0.000"><skipped type="pytest.skip" message="Functions not available">C:\Users\ABC\Documents\GitHub\MKrep\separated_repos\strepsuis-genphennet\tests\test_entropy_functions.py:47: Functions not available</skipped></testcase><testcase classname="tests.test_entropy_functions.TestCalculateConditionalEntropy" name="test_calculate_conditional_entropy_basic" time="0.000"><skipped type="pytest.skip" message="Functions not available">C:\Users\ABC\Documents\GitHub\MKrep\separated_repos\strepsuis-genphennet\tests\test_entropy_functions.py:61: Functions not available</skipped></testcase><testcase classname="tests.test_entropy_functions.TestCalculateConditionalEntropy" name="test_calculate_conditional_entropy_independent" time="0.000"><skipped type="pytest.skip" message="Functions not available">C:\Users\ABC\Documents\GitHub\MKrep\separated_repos\strepsuis-genphennet\tests\test_entropy_functions.py:71: Functions not available</skipped></testcase><testcase classname="tests.test_entropy_functions.TestCalculateMutualInformation" name="test_calculate_mutual_information_basic" time="0.000"><skipped type="pytest.skip" message="Functions not available">C:\Users\ABC\Documents\GitHub\MKrep\separated_repos\strepsuis-genphennet\tests\test_entropy_functions.py:86: Functions not available</skipped></testcase><testcase classname="tests.test_entropy_functions.TestCalculateMutualInformation" name="test_calculate_mutual_information_independent" time="0.000"><skipped type="pytest.skip" message="Functions not available">C:\Users\ABC\Documents\GitHub\MKrep\separated_repos\strepsuis-genphennet\tests\test_entropy_functions.py:96: Functions not available</skipped></testcase><testcase classname="tests.test_excel_report_detailed.TestGenerateExcelReportDetailed" name="test_generate_excel_report_with_none_figure" time="0.071" /><testcase classname="tests.test_excel_report_detailed.TestGenerateExcelReportDetailed" name="test_generate_excel_report_with_figure" time="3.271" /><testcase classname="tests.test_excel_report_gen.TestGenerateExcelReportWithClusterStats" name="test_generate_excel_report_basic" time="2.997" /><testcase classname="tests.test_excel_report_utils.TestSanitizeSheetName" name="test_sanitize_sheet_name_valid" time="0.001" /><testcase classname="tests.test_excel_report_utils.TestSanitizeSheetName" name="test_sanitize_sheet_name_long" time="0.001" /><testcase classname="tests.test_excel_report_utils.TestSanitizeSheetName" name="test_sanitize_sheet_name_special_chars" time="0.001" /><testcase classname="tests.test_excel_report_utils.TestExcelReportGenerator" name="test_init_creates_folders" time="0.003" /><testcase classname="tests.test_excel_report_utils.TestExcelReportGenerator" name="test_save_matplotlib_figure" time="0.478" /><testcase classname="tests.test_excel_report_utils.TestExcelReportGenerator" name="test_save_plotly_figure" time="2.700" /><testcase classname="tests.test_excel_report_utils.TestExcelReportGenerator" name="test_add_dataframe_sheet" time="0.017" /><testcase classname="tests.test_excel_report_utils.TestExcelReportGenerator" name="test_create_metadata_sheet" time="0.026" /><testcase classname="tests.test_excel_report_utils.TestExcelReportGenerator" name="test_finalize_report" time="0.017" /><testcase classname="tests.test_file_matching.TestFindMatchingFiles" name="test_find_matching_files_exact_match" time="0.001" /><testcase classname="tests.test_file_matching.TestFindMatchingFiles" name="test_find_matching_files_partial_match" time="0.001" /><testcase classname="tests.test_file_matching.TestFindMatchingFiles" name="test_find_matching_files_no_match" time="0.001" /><testcase classname="tests.test_file_matching.TestFindMatchingFiles" name="test_find_matching_files_empty_uploaded" time="0.000" /><testcase classname="tests.test_file_matching.TestFindMatchingFiles" name="test_find_matching_files_empty_expected" time="0.000" /><testcase classname="tests.test_file_matching.TestExpandCategories" name="test_expand_categories_mlst" time="0.003" /><testcase classname="tests.test_file_matching.TestExpandCategories" name="test_expand_categories_serotype" time="0.003" /><testcase classname="tests.test_file_matching.TestExpandCategories" name="test_expand_categories_numeric_mlst" time="0.003" /><testcase classname="tests.test_file_matching.TestGetCentrality" name="test_get_centrality_basic" time="0.000" /><testcase classname="tests.test_file_matching.TestGetCentrality" name="test_get_centrality_empty" time="0.000" /><testcase classname="tests.test_full_analysis.TestSetupLogging" name="test_setup_logging_basic" time="0.003"><failure message="AssertionError: assert False&#10; +  where False = &lt;built-in function _path_exists&gt;('output')&#10; +    where &lt;built-in function _path_exists&gt; = &lt;module 'ntpath' (frozen)&gt;.exists&#10; +      where &lt;module 'ntpath' (frozen)&gt; = os.path">C:\Users\ABC\Documents\GitHub\MKrep\separated_repos\strepsuis-genphennet\tests\test_full_analysis.py:54: in test_setup_logging_basic
    assert os.path.exists('output')
E   AssertionError: assert False
E    +  where False = &lt;built-in function _path_exists&gt;('output')
E    +    where &lt;built-in function _path_exists&gt; = &lt;module 'ntpath' (frozen)&gt;.exists
E    +      where &lt;module 'ntpath' (frozen)&gt; = os.path</failure></testcase><testcase classname="tests.test_full_analysis.TestSetupLogging" name="test_setup_logging_creates_log_file" time="0.002"><failure message="AssertionError: assert False&#10; +  where False = &lt;built-in function _path_exists&gt;('output')&#10; +    where &lt;built-in function _path_exists&gt; = &lt;module 'ntpath' (frozen)&gt;.exists&#10; +      where &lt;module 'ntpath' (frozen)&gt; = os.path">C:\Users\ABC\Documents\GitHub\MKrep\separated_repos\strepsuis-genphennet\tests\test_full_analysis.py:63: in test_setup_logging_creates_log_file
    assert os.path.exists('output')
E   AssertionError: assert False
E    +  where False = &lt;built-in function _path_exists&gt;('output')
E    +    where &lt;built-in function _path_exists&gt; = &lt;module 'ntpath' (frozen)&gt;.exists
E    +      where &lt;module 'ntpath' (frozen)&gt; = os.path</failure></testcase><testcase classname="tests.test_full_analysis.TestIntegrationHelpers" name="test_chi2_phi_integration" time="0.008" /><testcase classname="tests.test_full_analysis.TestIntegrationHelpers" name="test_cramers_v_integration" time="0.002" /><testcase classname="tests.test_full_analysis.TestIntegrationHelpers" name="test_entropy_integration" time="0.022" /><testcase classname="tests.test_full_analysis.TestMutuallyExclusiveIntegration" name="test_find_mutually_exclusive_integration" time="0.004" /><testcase classname="tests.test_full_analysis.TestNetworkFunctionsIntegration" name="test_get_cluster_hubs_integration" time="0.004" /><testcase classname="tests.test_full_analysis.TestNetworkFunctionsIntegration" name="test_adaptive_phi_threshold_integration" time="0.001" /><testcase classname="tests.test_full_pipeline_real.TestFullPipelineWithRealData" name="test_perform_full_analysis_real_data" time="0.022" /><testcase classname="tests.test_full_pipeline_real.TestFullPipelineWithRealData" name="test_report_generation_functions" time="0.008" /><testcase classname="tests.test_full_pipeline_real.TestCausalDiscoveryWithRealData" name="test_causal_discovery_framework" time="0.006" /><testcase classname="tests.test_full_pipeline_real.TestPredictiveModelingWithRealData" name="test_genotype_phenotype_predictor" time="0.899" /><testcase classname="tests.test_helper_functions_extended.TestExpandCategories" name="test_expand_categories_basic" time="0.004" /><testcase classname="tests.test_helper_functions_extended.TestExpandCategories" name="test_expand_categories_empty" time="0.003" /><testcase classname="tests.test_helper_functions_extended.TestFindMatchingFiles" name="test_find_matching_files_basic" time="0.001" /><testcase classname="tests.test_helper_functions_extended.TestFindMatchingFiles" name="test_find_matching_files_partial" time="0.001" /><testcase classname="tests.test_helper_functions_extended.TestFindMatchingFiles" name="test_find_matching_files_empty" time="0.000" /><testcase classname="tests.test_information_theory.TestCalculateEntropy" name="test_calculate_entropy_basic" time="0.000"><skipped type="pytest.skip" message="Functions not available">C:\Users\ABC\Documents\GitHub\MKrep\separated_repos\strepsuis-genphennet\tests\test_information_theory.py:29: Functions not available</skipped></testcase><testcase classname="tests.test_information_theory.TestCalculateEntropy" name="test_calculate_entropy_uniform" time="0.000"><skipped type="pytest.skip" message="Functions not available">C:\Users\ABC\Documents\GitHub\MKrep\separated_repos\strepsuis-genphennet\tests\test_information_theory.py:39: Functions not available</skipped></testcase><testcase classname="tests.test_information_theory.TestCalculateEntropy" name="test_calculate_entropy_constant" time="0.000"><skipped type="pytest.skip" message="Functions not available">C:\Users\ABC\Documents\GitHub\MKrep\separated_repos\strepsuis-genphennet\tests\test_information_theory.py:48: Functions not available</skipped></testcase><testcase classname="tests.test_information_theory.TestCalculateMutualInformation" name="test_calculate_mutual_information_basic" time="0.000"><skipped type="pytest.skip" message="Functions not available">C:\Users\ABC\Documents\GitHub\MKrep\separated_repos\strepsuis-genphennet\tests\test_information_theory.py:62: Functions not available</skipped></testcase><testcase classname="tests.test_information_theory.TestCalculateMutualInformation" name="test_calculate_mutual_information_identical" time="0.000"><skipped type="pytest.skip" message="Functions not available">C:\Users\ABC\Documents\GitHub\MKrep\separated_repos\strepsuis-genphennet\tests\test_information_theory.py:72: Functions not available</skipped></testcase><testcase classname="tests.test_information_theory.TestCalculateMutualInformation" name="test_calculate_mutual_information_independent" time="0.000"><skipped type="pytest.skip" message="Functions not available">C:\Users\ABC\Documents\GitHub\MKrep\separated_repos\strepsuis-genphennet\tests\test_information_theory.py:82: Functions not available</skipped></testcase><testcase classname="tests.test_information_theory.TestCalculateConditionalEntropy" name="test_calculate_conditional_entropy_basic" time="0.000"><skipped type="pytest.skip" message="Functions not available">C:\Users\ABC\Documents\GitHub\MKrep\separated_repos\strepsuis-genphennet\tests\test_information_theory.py:98: Functions not available</skipped></testcase><testcase classname="tests.test_integration" name="test_example_data_structure" time="0.018" /><testcase classname="tests.test_integration" name="test_data_loading_with_real_files" time="0.032" /><testcase classname="tests.test_integration" name="test_output_directory_usage" time="0.017" /><testcase classname="tests.test_integration" name="test_data_file_formats" time="0.019" /><testcase classname="tests.test_integration" name="test_data_consistency_checks" time="0.018" /><testcase classname="tests.test_integration" name="test_file_copy_integrity" time="0.017" /><testcase classname="tests.test_integration" name="test_multiple_csv_loading" time="0.027" /><testcase classname="tests.test_integration" name="test_newick_file_handling" time="0.015" /><testcase classname="tests.test_integration" name="test_data_directory_structure" time="0.015" /><testcase classname="tests.test_main_pipeline_coverage.TestMainPipelineCoverage" name="test_full_pipeline_execution" time="102.917" /><testcase classname="tests.test_main_pipeline_coverage.TestCausalDiscoveryCoverage" name="test_causal_discovery_full" time="0.010" /><testcase classname="tests.test_main_pipeline_coverage.TestCausalDiscoveryCoverage" name="test_conditional_independence" time="0.008" /><testcase classname="tests.test_main_pipeline_coverage.TestCausalDiscoveryCoverage" name="test_mutual_information" time="0.009" /><testcase classname="tests.test_main_pipeline_coverage.TestPredictiveModelingCoverage" name="test_build_all_models" time="0.954" /><testcase classname="tests.test_main_pipeline_coverage.TestPredictiveModelingCoverage" name="test_feature_importance" time="0.021" /><testcase classname="tests.test_main_pipeline_coverage.TestReportGenerationCoverage" name="test_html_report_generation" time="0.006" /><testcase classname="tests.test_main_pipeline_coverage.TestReportGenerationCoverage" name="test_excel_report_generation" time="0.007" /><testcase classname="tests.test_mathematical_validation.TestChiSquareValidation" name="test_chi_square_vs_scipy" time="0.002" /><testcase classname="tests.test_mathematical_validation.TestChiSquareValidation" name="test_fisher_exact_vs_scipy" time="0.002" /><testcase classname="tests.test_mathematical_validation.TestPhiCoefficientValidation" name="test_phi_perfect_positive" time="0.001" /><testcase classname="tests.test_mathematical_validation.TestPhiCoefficientValidation" name="test_phi_no_association" time="0.001" /><testcase classname="tests.test_mathematical_validation.TestFDRCorrectionValidation" name="test_fdr_vs_statsmodels" time="0.001" /><testcase classname="tests.test_mathematical_validation.TestFDRCorrectionValidation" name="test_fdr_monotonicity" time="0.001" /><testcase classname="tests.test_mathematical_validation.TestFDRCorrectionValidation" name="test_fdr_control" time="0.003" /><testcase classname="tests.test_mathematical_validation.TestNetworkMetricsValidation" name="test_degree_centrality" time="0.001" /><testcase classname="tests.test_mathematical_validation.TestNetworkMetricsValidation" name="test_betweenness_centrality" time="0.001" /><testcase classname="tests.test_mathematical_validation.TestNetworkMetricsValidation" name="test_community_detection" time="0.005" /><testcase classname="tests.test_mathematical_validation.TestCausalDiscoveryValidation" name="test_conditional_probability" time="0.001" /><testcase classname="tests.test_mathematical_validation.TestCausalDiscoveryValidation" name="test_mutual_information" time="0.004" /><testcase classname="tests.test_mathematical_validation.TestPredictiveModelingValidation" name="test_cross_validation_concept" time="0.022" /><testcase classname="tests.test_mathematical_validation.TestPredictiveModelingValidation" name="test_auc_calculation" time="0.003" /><testcase classname="tests.test_mathematical_validation.TestBootstrapValidation" name="test_bootstrap_coverage" time="0.201" /><testcase classname="tests.test_mathematical_validation.TestNetworkMotifValidation" name="test_triangle_counting" time="0.003" /><testcase classname="tests.test_mathematical_validation.TestNetworkMotifValidation" name="test_clustering_coefficient" time="0.006" /><testcase classname="tests.test_mutually_exclusive.TestFindMutuallyExclusive" name="test_find_mutually_exclusive_k2" time="0.004" /><testcase classname="tests.test_mutually_exclusive.TestFindMutuallyExclusive" name="test_find_mutually_exclusive_k3" time="0.002" /><testcase classname="tests.test_mutually_exclusive.TestFindMutuallyExclusive" name="test_find_mutually_exclusive_empty" time="0.001" /><testcase classname="tests.test_mutually_exclusive.TestGetClusterHubs" name="test_get_cluster_hubs_basic" time="0.001" /><testcase classname="tests.test_mutually_exclusive.TestGetClusterHubs" name="test_get_cluster_hubs_empty" time="0.002" /><testcase classname="tests.test_mutually_exclusive.TestAdaptivePhiThreshold" name="test_adaptive_phi_threshold_basic" time="0.001" /><testcase classname="tests.test_mutually_exclusive.TestAdaptivePhiThreshold" name="test_adaptive_phi_threshold_empty" time="0.001"><skipped type="pytest.skip" message="adaptive_phi_threshold may not work with empty array">C:\Users\ABC\Documents\GitHub\MKrep\separated_repos\strepsuis-genphennet\tests\test_mutually_exclusive.py:112: adaptive_phi_threshold may not work with empty array</skipped></testcase><testcase classname="tests.test_mutually_exclusive.TestAdaptivePhiThreshold" name="test_adaptive_phi_threshold_single_value" time="0.001" /><testcase classname="tests.test_mutually_exclusive.TestCreateInteractiveTableWithEmpty" name="test_create_interactive_table_with_empty_valid" time="0.002" /><testcase classname="tests.test_mutually_exclusive.TestCreateInteractiveTableWithEmpty" name="test_create_interactive_table_with_empty_empty_df" time="0.001" /><testcase classname="tests.test_mutually_exclusive.TestCreateInteractiveTableWithEmpty" name="test_create_interactive_table_with_empty_none" time="0.001"><skipped type="pytest.skip" message="create_interactive_table_with_empty may not work with None">C:\Users\ABC\Documents\GitHub\MKrep\separated_repos\strepsuis-genphennet\tests\test_mutually_exclusive.py:154: create_interactive_table_with_empty may not work with None</skipped></testcase><testcase classname="tests.test_network_analysis_core.TestChi2Phi" name="test_large_sample_chi_square" time="0.008" /><testcase classname="tests.test_network_analysis_core.TestChi2Phi" name="test_small_sample_fisher_exact" time="0.006" /><testcase classname="tests.test_network_analysis_core.TestChi2Phi" name="test_perfect_association" time="0.006" /><testcase classname="tests.test_network_analysis_core.TestChi2Phi" name="test_independence" time="0.006" /><testcase classname="tests.test_network_analysis_core.TestCramersV" name="test_basic_cramers_v" time="0.002" /><testcase classname="tests.test_network_analysis_core.TestCramersV" name="test_cramers_v_small_table" time="0.001" /><testcase classname="tests.test_network_analysis_core.TestCramersV" name="test_cramers_v_larger_table" time="0.002" /><testcase classname="tests.test_network_analysis_core.TestEntropy" name="test_calculate_entropy_uniform" time="0.002" /><testcase classname="tests.test_network_analysis_core.TestEntropy" name="test_calculate_entropy_single_value" time="0.001" /><testcase classname="tests.test_network_analysis_core.TestEntropy" name="test_calculate_entropy_skewed" time="0.002" /><testcase classname="tests.test_network_analysis_core.TestEntropy" name="test_conditional_entropy" time="0.007" /><testcase classname="tests.test_network_analysis_core.TestEntropy" name="test_information_gain" time="0.009" /><testcase classname="tests.test_network_analysis_core.TestEntropy" name="test_normalized_mutual_info" time="0.009" /><testcase classname="tests.test_network_analysis_core.TestHelperFunctions" name="test_create_interactive_table" time="0.002" /><testcase classname="tests.test_network_analysis_core.TestHelperFunctions" name="test_create_section_summary" time="0.001" /><testcase classname="tests.test_network_analysis_core.TestHelperFunctions" name="test_find_matching_files" time="0.001" /><testcase classname="tests.test_network_analysis_core.TestHelperFunctions" name="test_get_centrality" time="0.001" /><testcase classname="tests.test_network_analysis_core.TestHelperFunctions" name="test_expand_categories" time="0.004" /><testcase classname="tests.test_network_analysis_core.TestHelperFunctions" name="test_adaptive_phi_threshold" time="0.001" /><testcase classname="tests.test_network_analysis_core.TestHelperFunctions" name="test_create_interactive_table_with_empty" time="0.001" /><testcase classname="tests.test_network_analysis_core.TestHelperFunctions" name="test_summarize_by_category" time="0.004" /><testcase classname="tests.test_network_analysis_core.TestHelperFunctions" name="test_summarize_by_feature" time="0.003" /><testcase classname="tests.test_network_analysis_core.TestHelperFunctions" name="test_summarize_by_category_excl" time="0.001" /><testcase classname="tests.test_network_analysis_core.TestHelperFunctions" name="test_summarize_by_feature_excl" time="0.001" /><testcase classname="tests.test_network_analysis_core.TestHelperFunctions" name="test_summarize_by_category_network" time="0.002" /><testcase classname="tests.test_network_analysis_core.TestHelperFunctions" name="test_summarize_by_feature_network" time="0.002" /><testcase classname="tests.test_network_analysis_core.TestHelperFunctions" name="test_setup_logging" time="0.001" /><testcase classname="tests.test_network_analysis_core.TestMutuallyExclusive" name="test_find_mutually_exclusive_basic" time="0.004" /><testcase classname="tests.test_network_analysis_core.TestMutuallyExclusive" name="test_find_mutually_exclusive_none" time="0.002" /><testcase classname="tests.test_network_analysis_core.TestClusterHubs" name="test_get_cluster_hubs" time="0.001" /><testcase classname="tests.test_network_analysis_core.TestNetworkConstruction" name="test_build_network_from_associations" time="0.001" /><testcase classname="tests.test_network_analysis_core.TestNetworkConstruction" name="test_compute_centralities" time="0.001" /><testcase classname="tests.test_network_analysis_core.TestNetworkConstruction" name="test_community_detection" time="0.001" /><testcase classname="tests.test_network_analysis_core.TestIntegration" name="test_full_association_workflow" time="0.019" /><testcase classname="tests.test_network_analysis_core.TestIntegration" name="test_network_metrics_workflow" time="0.002" /><testcase classname="tests.test_network_building.TestChi2PhiEdgeCases" name="test_chi2_phi_all_zeros" time="0.006" /><testcase classname="tests.test_network_building.TestChi2PhiEdgeCases" name="test_chi2_phi_all_ones" time="0.005" /><testcase classname="tests.test_network_building.TestChi2PhiEdgeCases" name="test_chi2_phi_inverse_correlation" time="0.006" /><testcase classname="tests.test_network_building.TestChi2PhiEdgeCases" name="test_chi2_phi_large_sample" time="0.006" /><testcase classname="tests.test_network_building.TestCramersVEdgeCases" name="test_cramers_v_3x3" time="0.002" /><testcase classname="tests.test_network_building.TestCramersVEdgeCases" name="test_cramers_v_4x2" time="0.002" /><testcase classname="tests.test_network_building.TestEntropyEdgeCases" name="test_entropy_multiclass" time="0.002" /><testcase classname="tests.test_network_building.TestEntropyEdgeCases" name="test_conditional_entropy_independent" time="0.008" /><testcase classname="tests.test_network_building.TestEntropyEdgeCases" name="test_information_gain_high" time="0.007" /><testcase classname="tests.test_network_building.TestEntropyEdgeCases" name="test_normalized_mutual_info_bounds" time="0.011" /><testcase classname="tests.test_network_building.TestMutuallyExclusiveEdgeCases" name="test_find_mutually_exclusive_perfect" time="0.002" /><testcase classname="tests.test_network_building.TestMutuallyExclusiveEdgeCases" name="test_find_mutually_exclusive_overlapping" time="0.003" /><testcase classname="tests.test_network_building.TestGetClusterHubsEdgeCases" name="test_get_cluster_hubs_single_cluster" time="0.005" /><testcase classname="tests.test_network_building.TestGetClusterHubsEdgeCases" name="test_get_cluster_hubs_many_clusters" time="0.010" /><testcase classname="tests.test_network_building.TestAdaptivePhiThresholdEdgeCases" name="test_adaptive_phi_threshold_percentile" time="0.001" /><testcase classname="tests.test_network_building.TestAdaptivePhiThresholdEdgeCases" name="test_adaptive_phi_threshold_iqr" time="0.001" /><testcase classname="tests.test_network_building.TestAdaptivePhiThresholdEdgeCases" name="test_adaptive_phi_threshold_statistical" time="0.001" /><testcase classname="tests.test_network_building.TestAdaptivePhiThresholdEdgeCases" name="test_adaptive_phi_threshold_unknown_method" time="0.001" /><testcase classname="tests.test_network_core_extended.TestStatisticalFunctions" name="test_chi2_phi_basic" time="0.000"><skipped type="pytest.skip" message="Core module not available">C:\Users\ABC\Documents\GitHub\MKrep\separated_repos\strepsuis-genphennet\tests\test_network_core_extended.py:83: Core module not available</skipped></testcase><testcase classname="tests.test_network_core_extended.TestStatisticalFunctions" name="test_cramers_v_basic" time="0.000"><skipped type="pytest.skip" message="Core module not available">C:\Users\ABC\Documents\GitHub\MKrep\separated_repos\strepsuis-genphennet\tests\test_network_core_extended.py:91: Core module not available</skipped></testcase><testcase classname="tests.test_network_core_extended.TestStatisticalFunctions" name="test_calculate_entropy_basic" time="0.000"><skipped type="pytest.skip" message="Core module not available">C:\Users\ABC\Documents\GitHub\MKrep\separated_repos\strepsuis-genphennet\tests\test_network_core_extended.py:101: Core module not available</skipped></testcase><testcase classname="tests.test_network_core_extended.TestStatisticalFunctions" name="test_conditional_entropy_basic" time="0.001"><skipped type="pytest.skip" message="Core module not available">C:\Users\ABC\Documents\GitHub\MKrep\separated_repos\strepsuis-genphennet\tests\test_network_core_extended.py:108: Core module not available</skipped></testcase><testcase classname="tests.test_network_core_extended.TestStatisticalFunctions" name="test_information_gain_basic" time="0.000"><skipped type="pytest.skip" message="Core module not available">C:\Users\ABC\Documents\GitHub\MKrep\separated_repos\strepsuis-genphennet\tests\test_network_core_extended.py:116: Core module not available</skipped></testcase><testcase classname="tests.test_network_core_extended.TestStatisticalFunctions" name="test_normalized_mutual_info_basic" time="0.001"><skipped type="pytest.skip" message="Core module not available">C:\Users\ABC\Documents\GitHub\MKrep\separated_repos\strepsuis-genphennet\tests\test_network_core_extended.py:124: Core module not available</skipped></testcase><testcase classname="tests.test_network_core_extended.TestNetworkFunctions" name="test_build_network_basic" time="0.000"><skipped type="pytest.skip" message="Core module not available">C:\Users\ABC\Documents\GitHub\MKrep\separated_repos\strepsuis-genphennet\tests\test_network_core_extended.py:137: Core module not available</skipped></testcase><testcase classname="tests.test_network_core_extended.TestNetworkFunctions" name="test_get_centrality_basic" time="0.000"><skipped type="pytest.skip" message="Core module not available">C:\Users\ABC\Documents\GitHub\MKrep\separated_repos\strepsuis-genphennet\tests\test_network_core_extended.py:145: Core module not available</skipped></testcase><testcase classname="tests.test_network_core_extended.TestHelperFunctions" name="test_find_matching_files" time="0.000"><skipped type="pytest.skip" message="Core module not available">C:\Users\ABC\Documents\GitHub\MKrep\separated_repos\strepsuis-genphennet\tests\test_network_core_extended.py:160: Core module not available</skipped></testcase><testcase classname="tests.test_network_core_extended.TestHelperFunctions" name="test_expand_categories_basic" time="0.000"><skipped type="pytest.skip" message="Core module not available">C:\Users\ABC\Documents\GitHub\MKrep\separated_repos\strepsuis-genphennet\tests\test_network_core_extended.py:170: Core module not available</skipped></testcase><testcase classname="tests.test_network_core_extended.TestHelperFunctions" name="test_create_interactive_table_basic" time="0.000"><skipped type="pytest.skip" message="Core module not available">C:\Users\ABC\Documents\GitHub\MKrep\separated_repos\strepsuis-genphennet\tests\test_network_core_extended.py:180: Core module not available</skipped></testcase><testcase classname="tests.test_network_core_extended.TestSummarizeFunctions" name="test_summarize_by_category" time="0.002"><skipped type="pytest.skip" message="Core module not available">C:\Users\ABC\Documents\GitHub\MKrep\separated_repos\strepsuis-genphennet\tests\test_network_core_extended.py:195: Core module not available</skipped></testcase><testcase classname="tests.test_network_core_extended.TestSummarizeFunctions" name="test_summarize_by_feature" time="0.000"><skipped type="pytest.skip" message="Core module not available">C:\Users\ABC\Documents\GitHub\MKrep\separated_repos\strepsuis-genphennet\tests\test_network_core_extended.py:205: Core module not available</skipped></testcase><testcase classname="tests.test_network_core_extended.TestPerformFullAnalysis" name="test_with_real_data" time="0.000"><skipped type="pytest.skip" message="Core module not available">C:\Users\ABC\Documents\GitHub\MKrep\separated_repos\strepsuis-genphennet\tests\test_network_core_extended.py:220: Core module not available</skipped></testcase><testcase classname="tests.test_network_core_extended.TestPerformFullAnalysis" name="test_with_synthetic_data" time="0.000"><skipped type="pytest.skip" message="Core module not available">C:\Users\ABC\Documents\GitHub\MKrep\separated_repos\strepsuis-genphennet\tests\test_network_core_extended.py:233: Core module not available</skipped></testcase><testcase classname="tests.test_network_core_extended.TestSetupLogging" name="test_setup_logging_basic" time="0.000"><skipped type="pytest.skip" message="Core module not available">C:\Users\ABC\Documents\GitHub\MKrep\separated_repos\strepsuis-genphennet\tests\test_network_core_extended.py:255: Core module not available</skipped></testcase><testcase classname="tests.test_network_functions.TestBuildNetwork" name="test_build_network_basic" time="0.000"><skipped type="pytest.skip" message="Functions not available">C:\Users\ABC\Documents\GitHub\MKrep\separated_repos\strepsuis-genphennet\tests\test_network_functions.py:43: Functions not available</skipped></testcase><testcase classname="tests.test_network_functions.TestBuildNetwork" name="test_build_network_empty" time="0.000"><skipped type="pytest.skip" message="Functions not available">C:\Users\ABC\Documents\GitHub\MKrep\separated_repos\strepsuis-genphennet\tests\test_network_functions.py:50: Functions not available</skipped></testcase><testcase classname="tests.test_network_functions.TestFdrCorrection" name="test_fdr_correction_basic" time="0.000"><skipped type="pytest.skip" message="Functions not available">C:\Users\ABC\Documents\GitHub\MKrep\separated_repos\strepsuis-genphennet\tests\test_network_functions.py:63: Functions not available</skipped></testcase><testcase classname="tests.test_network_functions.TestFdrCorrection" name="test_fdr_correction_empty" time="0.000"><skipped type="pytest.skip" message="Functions not available">C:\Users\ABC\Documents\GitHub\MKrep\separated_repos\strepsuis-genphennet\tests\test_network_functions.py:74: Functions not available</skipped></testcase><testcase classname="tests.test_network_functions.TestGetCentrality" name="test_get_centrality_basic" time="0.000"><skipped type="pytest.skip" message="Functions not available">C:\Users\ABC\Documents\GitHub\MKrep\separated_repos\strepsuis-genphennet\tests\test_network_functions.py:97: Functions not available</skipped></testcase><testcase classname="tests.test_network_functions.TestGetCentrality" name="test_get_centrality_betweenness" time="0.000"><skipped type="pytest.skip" message="Functions not available">C:\Users\ABC\Documents\GitHub\MKrep\separated_repos\strepsuis-genphennet\tests\test_network_functions.py:104: Functions not available</skipped></testcase><testcase classname="tests.test_network_functions.TestSummarizeFunctions" name="test_summarize_by_category" time="0.001"><skipped type="pytest.skip" message="Functions not available">C:\Users\ABC\Documents\GitHub\MKrep\separated_repos\strepsuis-genphennet\tests\test_network_functions.py:125: Functions not available</skipped></testcase><testcase classname="tests.test_network_functions.TestSummarizeFunctions" name="test_summarize_by_feature" time="0.000"><skipped type="pytest.skip" message="Functions not available">C:\Users\ABC\Documents\GitHub\MKrep\separated_repos\strepsuis-genphennet\tests\test_network_functions.py:132: Functions not available</skipped></testcase><testcase classname="tests.test_optimizations.TestSparseNetwork" name="test_basic_creation" time="0.001" /><testcase classname="tests.test_optimizations.TestSparseNetwork" name="test_add_edge" time="0.001" /><testcase classname="tests.test_optimizations.TestSparseNetwork" name="test_get_neighbors" time="0.001" /><testcase classname="tests.test_optimizations.TestSparseNetwork" name="test_get_degree" time="0.001" /><testcase classname="tests.test_optimizations.TestSparseNetwork" name="test_to_csr" time="0.001" /><testcase classname="tests.test_optimizations.TestSparseNetwork" name="test_get_density" time="0.001" /><testcase classname="tests.test_optimizations.TestSparseNetwork" name="test_memory_usage" time="0.001" /><testcase classname="tests.test_optimizations.TestBuildSparseNetwork" name="test_basic_build" time="0.005" /><testcase classname="tests.test_optimizations.TestBuildSparseNetwork" name="test_build_with_random_data" time="0.015" /><testcase classname="tests.test_optimizations.TestParallelChiSquare" name="test_basic_chi_square" time="0.034" /><testcase classname="tests.test_optimizations.TestParallelChiSquare" name="test_chi_square_returns_dataframe" time="0.018" /><testcase classname="tests.test_optimizations.TestFastDegreeCentrality" name="test_basic_centrality" time="0.001" /><testcase classname="tests.test_optimizations.TestApproximateBetweenness" name="test_basic_betweenness" time="0.002" /><testcase classname="tests.test_optimizations.TestFastConnectedComponents" name="test_single_component" time="0.001" /><testcase classname="tests.test_optimizations.TestFastConnectedComponents" name="test_disconnected_network" time="0.002" /><testcase classname="tests.test_optimizations.TestFastModularityCommunities" name="test_basic_communities" time="0.005" /><testcase classname="tests.test_optimizations.TestFastFDRCorrection" name="test_basic_fdr" time="0.001" /><testcase classname="tests.test_optimizations.TestFastFDRCorrection" name="test_fdr_bounds" time="0.001" /><testcase classname="tests.test_optimizations.TestFastFDRCorrection" name="test_fdr_empty" time="0.001" /><testcase classname="tests.test_optimizations.TestFastMutualInformation" name="test_perfect_correlation" time="0.001" /><testcase classname="tests.test_optimizations.TestFastMutualInformation" name="test_independent" time="0.001" /><testcase classname="tests.test_optimizations.TestFastMutualInformation" name="test_mi_non_negative" time="0.001" /><testcase classname="tests.test_optimizations.TestFastMutualInformationMatrix" name="test_basic_mi_matrix" time="0.001" /><testcase classname="tests.test_optimizations.TestFastMutualInformationMatrix" name="test_mi_matrix_symmetric" time="0.001" /><testcase classname="tests.test_optimizations.TestBenchmarkNetworkConstruction" name="test_basic_benchmark" time="0.009" /><testcase classname="tests.test_optimizations.TestOptimizationStatus" name="test_get_status" time="0.001" /><testcase classname="tests.test_optimizations.TestOptimizationStatus" name="test_status_has_keys" time="0.001" /><testcase classname="tests.test_optimizations.TestEdgeCases" name="test_empty_network" time="0.001" /><testcase classname="tests.test_optimizations.TestEdgeCases" name="test_single_node" time="0.001" /><testcase classname="tests.test_perform_full_analysis.TestPerformFullAnalysisWithSyntheticData" name="test_with_synthetic_files" time="0.012" /><testcase classname="tests.test_perform_full_analysis.TestPerformFullAnalysisWithRealData" name="test_with_real_data" time="0.002" /><testcase classname="tests.test_perform_full_analysis.TestPerformFullAnalysisComponents" name="test_load_data_step" time="0.016" /><testcase classname="tests.test_perform_full_analysis.TestPerformFullAnalysisComponents" name="test_chi2_phi_step" time="0.010" /><testcase classname="tests.test_perform_full_analysis.TestPerformFullAnalysisComponents" name="test_cramers_v_step" time="0.007" /><testcase classname="tests.test_perform_full_analysis.TestPerformFullAnalysisComponents" name="test_entropy_functions" time="0.022" /><testcase classname="tests.test_perform_full_analysis.TestPerformFullAnalysisEdgeCases" name="test_empty_data" time="0.006" /><testcase classname="tests.test_perform_full_analysis.TestPerformFullAnalysisEdgeCases" name="test_missing_files" time="0.001" /><testcase classname="tests.test_perform_full_analysis.TestPerformFullAnalysisEdgeCases" name="test_single_column_data" time="0.006" /><testcase classname="tests.test_performance.TestAssociationPerformance" name="test_chi_square_batch_timing" time="0.210" /><testcase classname="tests.test_performance.TestAssociationPerformance" name="test_fisher_exact_batch_timing" time="0.110" /><testcase classname="tests.test_performance.TestNetworkPerformance" name="test_graph_creation_timing" time="0.004" /><testcase classname="tests.test_performance.TestNetworkPerformance" name="test_centrality_timing" time="0.037" /><testcase classname="tests.test_performance.TestNetworkPerformance" name="test_community_detection_timing" time="0.199" /><testcase classname="tests.test_performance.TestFDRPerformance" name="test_fdr_small" time="0.001" /><testcase classname="tests.test_performance.TestFDRPerformance" name="test_fdr_large" time="0.002" /><testcase classname="tests.test_performance.TestInformationTheoryPerformance" name="test_entropy_timing" time="0.002
[...]
    assert os.path.exists('output')
E   AssertionError: assert False
E    +  where False = &lt;built-in function _path_exists&gt;('output')
E    +    where &lt;built-in function _path_exists&gt; = &lt;module 'ntpath' (frozen)&gt;.exists
E    +      where &lt;module 'ntpath' (frozen)&gt; = os.path</failure></testcase><testcase classname="tests.test_statistical_functions.TestChi2Phi" name="test_chi2_phi_basic" time="0.003" /><testcase classname="tests.test_statistical_functions.TestChi2Phi" name="test_chi2_phi_small_sample" time="0.002" /><testcase classname="tests.test_statistical_functions.TestChi2Phi" name="test_chi2_phi_identical" time="0.002" /><testcase classname="tests.test_statistical_functions.TestCramersV" name="test_cramers_v_basic" time="0.001" /><testcase classname="tests.test_statistical_functions.TestCramersV" name="test_cramers_v_small_table" time="0.000" /><testcase classname="tests.test_statistical_functions.TestAdaptivePhiThreshold" name="test_adaptive_phi_threshold_percentile" time="0.000" /><testcase classname="tests.test_statistical_functions.TestAdaptivePhiThreshold" name="test_adaptive_phi_threshold_iqr" time="0.000" /><testcase classname="tests.test_statistical_functions.TestAdaptivePhiThreshold" name="test_adaptive_phi_threshold_statistical" time="0.000" /><testcase classname="tests.test_statistical_functions.TestGetClusterHubs" name="test_get_cluster_hubs_basic" time="0.002" /><testcase classname="tests.test_statistical_functions.TestGetClusterHubs" name="test_get_cluster_hubs_missing_columns" time="0.001" /><testcase classname="tests.test_statistical_tests.TestPerformStatisticalTests" name="test_perform_statistical_tests_basic" time="0.000"><skipped type="pytest.skip" message="Functions not available">C:\Users\ABC\Documents\GitHub\MKrep\separated_repos\strepsuis-genphennet\tests\test_statistical_tests.py:46: Functions not available</skipped></testcase><testcase classname="tests.test_statistical_tests.TestPerformStatisticalTests" name="test_perform_statistical_tests_empty" time="0.000"><skipped type="pytest.skip" message="Functions not available">C:\Users\ABC\Documents\GitHub\MKrep\separated_repos\strepsuis-genphennet\tests\test_statistical_tests.py:55: Functions not available</skipped></testcase><testcase classname="tests.test_statistical_tests.TestPerformStatisticalTests" name="test_perform_statistical_tests_single_feature" time="0.000"><skipped type="pytest.skip" message="Functions not available">C:\Users\ABC\Documents\GitHub\MKrep\separated_repos\strepsuis-genphennet\tests\test_statistical_tests.py:64: Functions not available</skipped></testcase><testcase classname="tests.test_statistical_validation.TestEntropyValidation" name="test_entropy_matches_scipy" time="0.001" /><testcase classname="tests.test_statistical_validation.TestEntropyValidation" name="test_entropy_of_constant_series" time="0.000" /><testcase classname="tests.test_statistical_validation.TestEntropyValidation" name="test_entropy_maximum_for_uniform" time="0.001" /><testcase classname="tests.test_statistical_validation.TestMutualInformationValidation" name="test_information_gain_properties" time="0.003" /><testcase classname="tests.test_statistical_validation.TestMutualInformationValidation" name="test_nmi_matches_sklearn" time="0.004" /><testcase classname="tests.test_statistical_validation.TestMutualInformationValidation" name="test_mutual_info_zero_for_independent" time="0.004" /><testcase classname="tests.test_statistical_validation.TestCramersVValidation" name="test_cramers_v_bounds" time="0.001" /><testcase classname="tests.test_statistical_validation.TestCramersVValidation" name="test_cramers_v_perfect_association" time="0.001" /><testcase classname="tests.test_statistical_validation.TestCramersVValidation" name="test_cramers_v_independence" time="0.001" /><testcase classname="tests.test_statistical_validation.TestNetworkConstruction" name="test_network_has_expected_structure" time="0.000" /><testcase classname="tests.test_statistical_validation.TestNetworkConstruction" name="test_centrality_calculations" time="0.000" /><testcase classname="tests.test_statistical_validation.TestNetworkConstruction" name="test_community_detection" time="0.001" /><testcase classname="tests.test_statistical_validation.TestEdgeCases" name="test_entropy_empty_series" time="0.001" /><testcase classname="tests.test_statistical_validation.TestEdgeCases" name="test_entropy_single_element" time="0.000" /><testcase classname="tests.test_statistical_validation.TestEdgeCases" name="test_cramers_v_single_row" time="0.000" /><testcase classname="tests.test_statistical_validation.TestEdgeCases" name="test_cramers_v_single_column" time="0.000" /><testcase classname="tests.test_statistical_validation.TestMutuallyExclusivePatterns" name="test_finds_exclusive_pairs" time="0.002" /><testcase classname="tests.test_statistical_validation.TestMutuallyExclusivePatterns" name="test_no_exclusive_pairs" time="0.002" /><testcase classname="tests.test_statistical_validation.TestReproducibility" name="test_community_detection_reproducibility" time="0.003" /><testcase classname="tests.test_statistical_validation.TestReproducibility" name="test_different_seeds_may_differ" time="0.003" /><testcase classname="tests.test_statistical_validation.TestNumericalStability" name="test_chi2_phi_numerical_stability" time="0.003" /><testcase classname="tests.test_statistical_validation.TestNumericalStability" name="test_chi2_phi_with_all_same_values" time="0.002" /><testcase classname="tests.test_statistical_validation.TestPerformance" name="test_large_network_construction" time="0.014" /><testcase classname="tests.test_statistical_validation.TestPerformance" name="test_large_pairwise_computations" time="0.329" /><testcase classname="tests.test_stress.TestLargeDatasets" name="test_large_pairwise_tests" time="0.001" /><testcase classname="tests.test_stress.TestLargeDatasets" name="test_network_with_many_edges" time="0.001" /><testcase classname="tests.test_stress.TestLargeDatasets" name="test_fdr_many_pvalues" time="0.002" /><testcase classname="tests.test_stress.TestNetworkEdgeCases" name="test_empty_network" time="0.000" /><testcase classname="tests.test_stress.TestNetworkEdgeCases" name="test_fully_connected_network" time="0.000" /><testcase classname="tests.test_stress.TestNetworkEdgeCases" name="test_disconnected_network" time="0.001" /><testcase classname="tests.test_stress.TestInformationTheory" name="test_entropy_edge_cases" time="0.000" /><testcase classname="tests.test_stress.TestInformationTheory" name="test_mutual_information_properties" time="0.000" /><testcase classname="tests.test_summarize_detailed.TestSummarizeByCategoryDetailed" name="test_summarize_by_category_with_data" time="0.001" /><testcase classname="tests.test_summarize_detailed.TestSummarizeByCategoryDetailed" name="test_summarize_by_category_single_category" time="0.001" /><testcase classname="tests.test_summarize_detailed.TestSummarizeByFeatureDetailed" name="test_summarize_by_feature_with_data" time="0.002" /><testcase classname="tests.test_summarize_detailed.TestSummarizeByCategoryExclDetailed" name="test_summarize_by_category_excl_with_data" time="0.000" /><testcase classname="tests.test_summarize_detailed.TestSummarizeByCategoryExclDetailed" name="test_summarize_by_category_excl_k3" time="0.001" /><testcase classname="tests.test_summarize_detailed.TestSummarizeByFeatureExclDetailed" name="test_summarize_by_feature_excl_with_data" time="0.000" /><testcase classname="tests.test_summarize_detailed.TestSummarizeByCategoryNetworkDetailed" name="test_summarize_by_category_network_with_data" time="0.001" /><testcase classname="tests.test_summarize_detailed.TestSummarizeByFeatureNetworkDetailed" name="test_summarize_by_feature_network_with_data" time="0.001" /><testcase classname="tests.test_summarize_functions.TestSummarizeByCategory" name="test_summarize_by_category_basic" time="0.001" /><testcase classname="tests.test_summarize_functions.TestSummarizeByCategory" name="test_summarize_by_category_empty" time="0.001"><skipped type="pytest.skip" message="summarize_by_category may not work with empty DataFrame">C:\Users\ABC\Documents\GitHub\MKrep\separated_repos\strepsuis-genphennet\tests\test_summarize_functions.py:49: summarize_by_category may not work with empty DataFrame</skipped></testcase><testcase classname="tests.test_summarize_functions.TestSummarizeByFeature" name="test_summarize_by_feature_basic" time="0.002" /><testcase classname="tests.test_summarize_functions.TestSummarizeByFeature" name="test_summarize_by_feature_empty" time="0.000"><skipped type="pytest.skip" message="summarize_by_feature may not work with empty DataFrame">C:\Users\ABC\Documents\GitHub\MKrep\separated_repos\strepsuis-genphennet\tests\test_summarize_functions.py:79: summarize_by_feature may not work with empty DataFrame</skipped></testcase><testcase classname="tests.test_summarize_functions.TestSummarizeByCategoryExcl" name="test_summarize_by_category_excl_k2" time="0.000" /><testcase classname="tests.test_summarize_functions.TestSummarizeByCategoryExcl" name="test_summarize_by_category_excl_k3" time="0.001" /><testcase classname="tests.test_summarize_functions.TestSummarizeByCategoryExcl" name="test_summarize_by_category_excl_empty" time="0.000" /><testcase classname="tests.test_summarize_functions.TestSummarizeByFeatureExcl" name="test_summarize_by_feature_excl_k2" time="0.000" /><testcase classname="tests.test_summarize_functions.TestSummarizeByFeatureExcl" name="test_summarize_by_feature_excl_k3" time="0.001" /><testcase classname="tests.test_summarize_functions.TestSummarizeByCategoryNetwork" name="test_summarize_by_category_network_basic" time="0.001" /><testcase classname="tests.test_summarize_functions.TestSummarizeByCategoryNetwork" name="test_summarize_by_category_network_empty" time="0.001" /><testcase classname="tests.test_summarize_functions.TestSummarizeByFeatureNetwork" name="test_summarize_by_feature_network_basic" time="0.001" /><testcase classname="tests.test_summarize_functions.TestSummarizeByFeatureNetwork" name="test_summarize_by_feature_network_empty" time="0.001" /><testcase classname="tests.test_synthetic_data_gen.TestGenerateCorrelatedBinaryFeatures" name="test_generate_basic" time="0.000" /><testcase classname="tests.test_synthetic_data_gen.TestGenerateCorrelatedBinaryFeatures" name="test_generate_binary_values" time="0.000" /><testcase classname="tests.test_synthetic_data_gen.TestGenerateCorrelatedBinaryFeatures" name="test_generate_reproducible" time="0.001" /><testcase classname="tests.test_synthetic_data_gen.TestGenerateCorrelatedBinaryFeatures" name="test_generate_different_correlations" time="0.000" /><testcase classname="tests.test_synthetic_data_gen.TestGenerateNetworkSyntheticDataset" name="test_generate_dataset_basic" time="0.004" /><testcase classname="tests.test_synthetic_data_gen.TestGenerateNetworkSyntheticDataset" name="test_generate_dataset_returns_dataframe" time="0.003" /><testcase classname="tests.test_synthetic_data_gen.TestGenerateNetworkSyntheticDataset" name="test_generate_dataset_reproducible" time="0.006" /><testcase classname="tests.test_synthetic_data_gen.TestSaveSyntheticNetworkData" name="test_save_data_basic" time="0.009" /><testcase classname="tests.test_synthetic_data_gen.TestSaveSyntheticNetworkData" name="test_save_data_creates_csv" time="0.008" /><testcase classname="tests.test_synthetic_data_gen.TestValidateSyntheticNetworkData" name="test_validate_valid_data" time="0.006" /><testcase classname="tests.test_synthetic_data_gen.TestValidateSyntheticNetworkData" name="test_validate_with_valid_generated_data" time="0.002" /><testcase classname="tests.test_synthetic_validation.TestSyntheticDataGeneration" name="test_generate_synthetic_dataset" time="0.002" /><testcase classname="tests.test_synthetic_validation.TestSyntheticDataGeneration" name="test_true_associations_recorded" time="0.002" /><testcase classname="tests.test_synthetic_validation.TestSyntheticDataGeneration" name="test_synthetic_data_reproducibility" time="0.006" /><testcase classname="tests.test_synthetic_validation.TestChiSquareValidation" name="test_chi_square_exact_match" time="0.001" /><testcase classname="tests.test_synthetic_validation.TestChiSquareValidation" name="test_chi_square_with_yates_correction" time="0.001" /><testcase classname="tests.test_synthetic_validation.TestFisherExactValidation" name="test_fisher_exact_match" time="0.001" /><testcase classname="tests.test_synthetic_validation.TestFisherExactValidation" name="test_fisher_vs_chi_square_small_samples" time="0.001" /><testcase classname="tests.test_synthetic_validation.TestPhiCoefficientValidation" name="test_phi_coefficient_formula" time="0.001" /><testcase classname="tests.test_synthetic_validation.TestPhiCoefficientValidation" name="test_phi_range" time="0.016" /><testcase classname="tests.test_synthetic_validation.TestFDRCorrectionValidation" name="test_fdr_matches_statsmodels" time="0.000" /><testcase classname="tests.test_synthetic_validation.TestFDRCorrectionValidation" name="test_fdr_with_known_nulls_and_alternatives" time="0.000" /><testcase classname="tests.test_synthetic_validation.TestEntropyValidation" name="test_entropy_calculation" time="0.000" /><testcase classname="tests.test_synthetic_validation.TestEntropyValidation" name="test_entropy_uniform_maximum" time="0.000" /><testcase classname="tests.test_synthetic_validation.TestEntropyValidation" name="test_entropy_deterministic_minimum" time="0.000" /><testcase classname="tests.test_synthetic_validation.TestCramersVValidation" name="test_cramers_v_range" time="0.010" /><testcase classname="tests.test_synthetic_validation.TestCramersVValidation" name="test_cramers_v_independence" time="0.003" /><testcase classname="tests.test_synthetic_validation.TestNetworkValidationWithSynthetic" name="test_network_edge_detection" time="0.011" /><testcase classname="tests.test_synthetic_validation.TestNumericalStability" name="test_zero_counts_chi_square" time="0.001" /><testcase classname="tests.test_synthetic_validation.TestNumericalStability" name="test_extreme_imbalance" time="0.000" /><testcase classname="tests.test_synthetic_validation.TestValidationReportGeneration" name="test_generate_validation_report" time="0.005" /><testcase classname="tests.test_table_and_summary.TestCreateInteractiveTable" name="test_create_interactive_table_basic" time="0.001" /><testcase classname="tests.test_table_and_summary.TestCreateInteractiveTable" name="test_create_interactive_table_with_numeric" time="0.001" /><testcase classname="tests.test_table_and_summary.TestCreateInteractiveTable" name="test_create_interactive_table_single_row" time="0.001" /><testcase classname="tests.test_table_and_summary.TestCreateInteractiveTable" name="test_create_interactive_table_many_columns" time="0.001" /><testcase classname="tests.test_table_and_summary.TestCreateSectionSummary" name="test_create_section_summary_basic" time="0.000" /><testcase classname="tests.test_table_and_summary.TestCreateSectionSummary" name="test_create_section_summary_with_categories" time="0.000" /><testcase classname="tests.test_table_and_summary.TestCreateSectionSummary" name="test_create_section_summary_with_features" time="0.000" /><testcase classname="tests.test_table_and_summary.TestCreateSectionSummary" name="test_create_section_summary_with_both" time="0.000" /><testcase classname="tests.test_table_and_summary.TestCreateSectionSummary" name="test_create_section_summary_empty_stats" time="0.000" /><testcase classname="tests.test_table_and_summary.TestCreateSectionSummary" name="test_create_section_summary_float_values" time="0.000" /><testcase classname="tests.test_unit_analysis.TestConfigValidation" name="test_config_with_invalid_fdr_alpha" time="0.001" /><testcase classname="tests.test_unit_analysis.TestConfigValidation" name="test_config_with_zero_fdr_alpha" time="0.001" /><testcase classname="tests.test_unit_analysis.TestConfigValidation" name="test_config_with_low_bootstrap_iterations" time="0.001" /><testcase classname="tests.test_unit_analysis.TestConfigValidation" name="test_config_with_nonexistent_data_dir" time="0.000" /><testcase classname="tests.test_unit_analysis.TestConfigValidation" name="test_config_creates_output_dir" time="0.001" /><testcase classname="tests.test_unit_analysis.TestConfigValidation" name="test_config_from_dict" time="0.001" /><testcase classname="tests.test_unit_analysis.TestConfigValidation" name="test_config_from_dict_ignores_extra_keys" time="0.001" /><testcase classname="tests.test_unit_analysis.TestAnalyzerInitialization" name="test_analyzer_with_config_object" time="0.001" /><testcase classname="tests.test_unit_analysis.TestAnalyzerInitialization" name="test_analyzer_with_kwargs" time="0.001" /><testcase classname="tests.test_unit_analysis.TestAnalyzerInitialization" name="test_analyzer_without_args_uses_defaults" time="0.000" /><testcase classname="tests.test_unit_analysis.TestConfigDefaults" name="test_default_bootstrap_iterations" time="0.002" /><testcase classname="tests.test_unit_analysis.TestConfigDefaults" name="test_default_fdr_alpha" time="0.001" /><testcase classname="tests.test_unit_analysis.TestConfigDefaults" name="test_default_random_seed" time="0.001" /><testcase classname="tests.test_unit_analysis.TestConfigDefaults" name="test_default_reporting_flags" time="0.001" /><testcase classname="tests.test_unit_analysis.TestConfigDefaults" name="test_default_dpi" time="0.001" /><testcase classname="tests.test_unit_analysis.TestConfigDefaults" name="test_default_n_jobs" time="0.001" /><testcase classname="tests.test_utilities" name="test_output_directory_creation" time="0.002" /><testcase classname="tests.test_utilities" name="test_path_handling" time="0.001" /><testcase classname="tests.test_utilities" name="test_file_permissions" time="0.001" /><testcase classname="tests.test_utilities" name="test_directory_listing" time="0.001" /><testcase classname="tests.test_utilities" name="test_temp_file_cleanup" time="0.001" /><testcase classname="tests.test_utilities" name="test_path_concatenation" time="0.000" /><testcase classname="tests.test_utilities" name="test_relative_path_conversion" time="0.001" /><testcase classname="tests.test_utilities" name="test_environment_variables" time="0.000" /><testcase classname="tests.test_utilities" name="test_current_working_directory" time="0.001" /><testcase classname="tests.test_utilities" name="test_file_extension_handling" time="0.000" /><testcase classname="tests.test_workflow" name="test_data_loading_workflow" time="0.009" /><testcase classname="tests.test_workflow" name="test_configuration_workflow" time="0.006" /><testcase classname="tests.test_workflow" name="test_analyzer_initialization_workflow" time="0.006" /><testcase classname="tests.test_workflow" name="test_complete_analysis_workflow" time="95.226" /><testcase classname="tests.test_workflow" name="test_output_validation_workflow" time="0.020" /><testcase classname="tests.test_workflow" name="test_error_handling_workflow" time="0.017" /><testcase classname="tests.test_workflow" name="test_data_preprocessing_workflow" time="0.020" /><testcase classname="tests.test_workflow" name="test_multi_file_integration_workflow" time="0.030" /><testcase classname="tests.test_workflow" name="test_parameter_validation_workflow" time="0.015" /><testcase classname="tests.test_workflow" name="test_reproducibility_workflow" time="0.014" /><testcase classname="tests.test_workflow" name="test_cli_compatibility_workflow" time="0.025" /></testsuite></testsuites>